Build started 2015-10-16 19:40:13.
     1>Project "C:\Users\User\Desktop\Arkanoid\projekt.vcxproj" on node 2 (Build target(s)).
     1>ClCompile:
         C:\Program Files (x86)\Microsoft Visual Studio 12.0\VC\bin\CL.exe /c /ZI /nologo /W3 /WX- /Od /Oy- /D WIN32 /D _DEBUG /D _CONSOLE /D _UNICODE /D UNICODE /Gm /EHsc /RTC1 /MDd /GS /fp:precise /Zc:wchar_t /Zc:forScope /Fo"Debug\\" /Fd"Debug\vc120.pdb" /Gd /TP /analyze- /errorReport:prompt arkanoid_functions.cpp bitmaps.cpp constructors.cpp main.cpp
         main.cpp
     1>c:\users\user\desktop\arkanoid\arkanoid_includes.h(14): fatal error C1083: Cannot open include file: './sdl/include/SDL.h': No such file or directory
         constructors.cpp
     1>c:\users\user\desktop\arkanoid\arkanoid_includes.h(14): fatal error C1083: Cannot open include file: './sdl/include/SDL.h': No such file or directory
         bitmaps.cpp
     1>c:\users\user\desktop\arkanoid\arkanoid_includes.h(14): fatal error C1083: Cannot open include file: './sdl/include/SDL.h': No such file or directory
         arkanoid_functions.cpp
     1>c:\users\user\desktop\arkanoid\arkanoid_includes.h(14): fatal error C1083: Cannot open include file: './sdl/include/SDL.h': No such file or directory
         Generating Code...
     1>Done Building Project "C:\Users\User\Desktop\Arkanoid\projekt.vcxproj" (Build target(s)) -- FAILED.

Build FAILED.

Time Elapsed 00:00:00.74
